#! /usr/local/bin/vvp
:ivl_version "10.1 (stable)" "(v10_1-101-g0f28b03d)";
:ivl_delay_selection "TYPICAL";
:vpi_time_precision + 0;
:vpi_module "system";
:vpi_module "vhdl_sys";
:vpi_module "v2005_math";
:vpi_module "va_math";
S_0x7fee26d08410 .scope module, "labK" "labK" 2 1;
 .timescale 0 0;
L_0x7fee26d18940 .functor XOR 1, v0x7fee26d182c0_0, v0x7fee26d05890_0, C4<0>, C4<0>;
L_0x7fee26d189f0 .functor XOR 1, v0x7fee26d18360_0, L_0x7fee26d18940, C4<0>, C4<0>;
L_0x7fee26d18b00 .functor AND 1, v0x7fee26d182c0_0, v0x7fee26d05890_0, C4<1>, C4<1>;
L_0x7fee26d18c10 .functor AND 1, L_0x7fee26d18940, v0x7fee26d18360_0, C4<1>, C4<1>;
L_0x7fee26d18ce0 .functor OR 1, L_0x7fee26d18c10, L_0x7fee26d18b00, C4<0>, C4<0>;
v0x7fee26d05890_0 .var "a", 0 0;
v0x7fee26d18190_0 .net "and1", 0 0, L_0x7fee26d18b00;  1 drivers
v0x7fee26d18230_0 .net "and2", 0 0, L_0x7fee26d18c10;  1 drivers
v0x7fee26d182c0_0 .var "b", 0 0;
v0x7fee26d18360_0 .var "cin", 0 0;
v0x7fee26d18440_0 .net "cout", 0 0, L_0x7fee26d18ce0;  1 drivers
v0x7fee26d184e0_0 .var "expect", 1 0;
v0x7fee26d18590_0 .var/i "i", 31 0;
v0x7fee26d18640_0 .var/i "j", 31 0;
v0x7fee26d18750_0 .var/i "k", 31 0;
v0x7fee26d18800_0 .net "xor1", 0 0, L_0x7fee26d18940;  1 drivers
v0x7fee26d188a0_0 .net "z", 0 0, L_0x7fee26d189f0;  1 drivers
    .scope S_0x7fee26d08410;
T_0 ;
    %pushi/vec4 0, 0, 32;
    %store/vec4 v0x7fee26d18590_0, 0, 32;
T_0.0 ;
    %load/vec4 v0x7fee26d18590_0;
    %cmpi/s 2, 0, 32;
    %jmp/0xz T_0.1, 5;
    %pushi/vec4 0, 0, 32;
    %store/vec4 v0x7fee26d18640_0, 0, 32;
T_0.2 ;
    %load/vec4 v0x7fee26d18640_0;
    %cmpi/s 2, 0, 32;
    %jmp/0xz T_0.3, 5;
    %pushi/vec4 0, 0, 32;
    %store/vec4 v0x7fee26d18750_0, 0, 32;
T_0.4 ;
    %load/vec4 v0x7fee26d18750_0;
    %cmpi/s 2, 0, 32;
    %jmp/0xz T_0.5, 5;
    %load/vec4 v0x7fee26d18590_0;
    %pad/s 1;
    %store/vec4 v0x7fee26d05890_0, 0, 1;
    %load/vec4 v0x7fee26d18640_0;
    %pad/s 1;
    %store/vec4 v0x7fee26d182c0_0, 0, 1;
    %load/vec4 v0x7fee26d18750_0;
    %pad/s 1;
    %store/vec4 v0x7fee26d18360_0, 0, 1;
    %load/vec4 v0x7fee26d05890_0;
    %pad/u 2;
    %load/vec4 v0x7fee26d182c0_0;
    %pad/u 2;
    %add;
    %load/vec4 v0x7fee26d18360_0;
    %pad/u 2;
    %add;
    %store/vec4 v0x7fee26d184e0_0, 0, 2;
    %delay 1, 0;
    %load/vec4 v0x7fee26d184e0_0;
    %parti/s 1, 0, 2;
    %load/vec4 v0x7fee26d188a0_0;
    %cmp/e;
    %flag_get/vec4 6;
    %load/vec4 v0x7fee26d184e0_0;
    %parti/s 1, 1, 2;
    %load/vec4 v0x7fee26d18440_0;
    %cmp/e;
    %flag_get/vec4 6;
    %and;
    %flag_set/vec4 8;
    %jmp/0xz  T_0.6, 8;
    %vpi_call 2 43 "$display", "PASS: a=%b b=%b cin=%b z=%b cout=%b", v0x7fee26d05890_0, v0x7fee26d182c0_0, v0x7fee26d18360_0, v0x7fee26d188a0_0, v0x7fee26d18440_0 {0 0 0};
    %jmp T_0.7;
T_0.6 ;
    %vpi_call 2 46 "$display", "FAIL: a=%b b=%b cin=%b z=%b cout=%b", v0x7fee26d05890_0, v0x7fee26d182c0_0, v0x7fee26d18360_0, v0x7fee26d188a0_0, v0x7fee26d18440_0 {0 0 0};
T_0.7 ;
    %load/vec4 v0x7fee26d18750_0;
    %addi 1, 0, 32;
    %store/vec4 v0x7fee26d18750_0, 0, 32;
    %jmp T_0.4;
T_0.5 ;
    %load/vec4 v0x7fee26d18640_0;
    %addi 1, 0, 32;
    %store/vec4 v0x7fee26d18640_0, 0, 32;
    %jmp T_0.2;
T_0.3 ;
    %load/vec4 v0x7fee26d18590_0;
    %addi 1, 0, 32;
    %store/vec4 v0x7fee26d18590_0, 0, 32;
    %jmp T_0.0;
T_0.1 ;
    %vpi_call 2 49 "$finish" {0 0 0};
    %end;
    .thread T_0;
# The file index is used to find the file name in the following table.
:file_names 3;
    "N/A";
    "<interactive>";
    "labk9.v";
